{"src\\xrmFakedContext.js":{"path":"src\\xrmFakedContext.js","s":{"1":1,"2":1,"3":1,"4":1,"5":0,"6":1,"7":1,"8":1,"9":1,"10":1,"11":0,"12":0,"13":0,"14":0,"15":0,"16":0,"17":0,"18":0,"19":0,"20":0,"21":0,"22":0,"23":0,"24":0,"25":0,"26":0,"27":1,"28":0,"29":0,"30":0,"31":1,"32":0,"33":0,"34":0,"35":1,"36":0,"37":0,"38":0,"39":0,"40":0,"41":0,"42":0,"43":0,"44":0,"45":0,"46":0,"47":0,"48":0,"49":1,"50":0,"51":0,"52":0,"53":0,"54":0,"55":1,"56":0,"57":1,"58":0,"59":1,"60":0,"61":0,"62":1,"63":1,"64":1,"65":1,"66":0,"67":0,"68":0,"69":0,"70":0,"71":0,"72":0},"b":{"1":[0,0],"2":[0,0],"3":[0,0],"4":[0,0],"5":[0,0,0,0,0],"6":[0,0],"7":[0,0],"8":[0,0],"9":[0,0]},"f":{"1":1,"2":0,"3":0,"4":0,"5":0,"6":0,"7":0,"8":0,"9":0,"10":0,"11":0},"fnMap":{"1":{"name":"(anonymous_1)","line":7,"loc":{"start":{"line":7,"column":1},"end":{"line":7,"column":20}}},"2":{"name":"(anonymous_2)","line":12,"loc":{"start":{"line":12,"column":30},"end":{"line":12,"column":42}}},"3":{"name":"processXhr","line":26,"loc":{"start":{"line":26,"column":4},"end":{"line":26,"column":33}}},"4":{"name":"processXhrPost","line":69,"loc":{"start":{"line":69,"column":4},"end":{"line":69,"column":37}}},"5":{"name":"processXhrGet","line":76,"loc":{"start":{"line":76,"column":4},"end":{"line":76,"column":36}}},"6":{"name":"FakeXMLHttpRequest","line":87,"loc":{"start":{"line":87,"column":4},"end":{"line":87,"column":34}}},"7":{"name":"(anonymous_7)","line":105,"loc":{"start":{"line":105,"column":40},"end":{"line":105,"column":70}}},"8":{"name":"(anonymous_8)","line":113,"loc":{"start":{"line":113,"column":52},"end":{"line":113,"column":74}}},"9":{"name":"(anonymous_9)","line":116,"loc":{"start":{"line":116,"column":53},"end":{"line":116,"column":68}}},"10":{"name":"(anonymous_10)","line":119,"loc":{"start":{"line":119,"column":40},"end":{"line":119,"column":56}}},"11":{"name":"(anonymous_11)","line":146,"loc":{"start":{"line":146,"column":25},"end":{"line":146,"column":45}}}},"statementMap":{"1":{"start":{"line":1,"column":0},"end":{"line":1,"column":27}},"2":{"start":{"line":3,"column":0},"end":{"line":3,"column":42}},"3":{"start":{"line":7,"column":0},"end":{"line":163,"column":12}},"4":{"start":{"line":9,"column":4},"end":{"line":17,"column":6}},"5":{"start":{"line":13,"column":20},"end":{"line":13,"column":64}},"6":{"start":{"line":19,"column":4},"end":{"line":19,"column":19}},"7":{"start":{"line":20,"column":4},"end":{"line":20,"column":22}},"8":{"start":{"line":23,"column":4},"end":{"line":23,"column":52}},"9":{"start":{"line":24,"column":4},"end":{"line":24,"column":26}},"10":{"start":{"line":26,"column":4},"end":{"line":66,"column":5}},"11":{"start":{"line":28,"column":8},"end":{"line":30,"column":9}},"12":{"start":{"line":29,"column":12},"end":{"line":29,"column":19}},"13":{"start":{"line":33,"column":8},"end":{"line":33,"column":90}},"14":{"start":{"line":36,"column":8},"end":{"line":38,"column":9}},"15":{"start":{"line":37,"column":12},"end":{"line":37,"column":63}},"16":{"start":{"line":41,"column":8},"end":{"line":41,"column":84}},"17":{"start":{"line":44,"column":8},"end":{"line":65,"column":9}},"18":{"start":{"line":47,"column":12},"end":{"line":60,"column":13}},"19":{"start":{"line":49,"column":20},"end":{"line":49,"column":44}},"20":{"start":{"line":50,"column":20},"end":{"line":50,"column":26}},"21":{"start":{"line":52,"column":20},"end":{"line":52,"column":43}},"22":{"start":{"line":53,"column":20},"end":{"line":53,"column":26}},"23":{"start":{"line":55,"column":20},"end":{"line":55,"column":57}},"24":{"start":{"line":57,"column":20},"end":{"line":57,"column":60}},"25":{"start":{"line":59,"column":20},"end":{"line":59,"column":59}},"26":{"start":{"line":64,"column":12},"end":{"line":64,"column":88}},"27":{"start":{"line":69,"column":4},"end":{"line":75,"column":5}},"28":{"start":{"line":70,"column":8},"end":{"line":70,"column":45}},"29":{"start":{"line":71,"column":8},"end":{"line":71,"column":55}},"30":{"start":{"line":74,"column":8},"end":{"line":74,"column":37}},"31":{"start":{"line":76,"column":4},"end":{"line":85,"column":5}},"32":{"start":{"line":77,"column":8},"end":{"line":84,"column":9}},"33":{"start":{"line":79,"column":12},"end":{"line":79,"column":63}},"34":{"start":{"line":80,"column":12},"end":{"line":80,"column":58}},"35":{"start":{"line":87,"column":4},"end":{"line":104,"column":5}},"36":{"start":{"line":88,"column":8},"end":{"line":88,"column":25}},"37":{"start":{"line":89,"column":8},"end":{"line":89,"column":22}},"38":{"start":{"line":90,"column":8},"end":{"line":90,"column":26}},"39":{"start":{"line":91,"column":8},"end":{"line":91,"column":32}},"40":{"start":{"line":92,"column":8},"end":{"line":92,"column":33}},"41":{"start":{"line":93,"column":8},"end":{"line":93,"column":29}},"42":{"start":{"line":94,"column":8},"end":{"line":94,"column":32}},"43":{"start":{"line":95,"column":8},"end":{"line":95,"column":34}},"44":{"start":{"line":96,"column":8},"end":{"line":96,"column":28}},"45":{"start":{"line":97,"column":8},"end":{"line":97,"column":26}},"46":{"start":{"line":99,"column":8},"end":{"line":99,"column":33}},"47":{"start":{"line":100,"column":8},"end":{"line":100,"column":30}},"48":{"start":{"line":103,"column":8},"end":{"line":103,"column":32}},"49":{"start":{"line":105,"column":4},"end":{"line":112,"column":6}},"50":{"start":{"line":106,"column":8},"end":{"line":106,"column":28}},"51":{"start":{"line":107,"column":8},"end":{"line":107,"column":22}},"52":{"start":{"line":108,"column":8},"end":{"line":109,"column":25}},"53":{"start":{"line":109,"column":12},"end":{"line":109,"column":25}},"54":{"start":{"line":111,"column":8},"end":{"line":111,"column":27}},"55":{"start":{"line":113,"column":4},"end":{"line":115,"column":6}},"56":{"start":{"line":114,"column":8},"end":{"line":114,"column":41}},"57":{"start":{"line":116,"column":4},"end":{"line":118,"column":6}},"58":{"start":{"line":117,"column":8},"end":{"line":117,"column":41}},"59":{"start":{"line":119,"column":4},"end":{"line":122,"column":6}},"60":{"start":{"line":120,"column":8},"end":{"line":120,"column":32}},"61":{"start":{"line":121,"column":8},"end":{"line":121,"column":25}},"62":{"start":{"line":129,"column":4},"end":{"line":129,"column":47}},"63":{"start":{"line":144,"column":4},"end":{"line":144,"column":22}},"64":{"start":{"line":145,"column":4},"end":{"line":145,"column":25}},"65":{"start":{"line":146,"column":4},"end":{"line":161,"column":6}},"66":{"start":{"line":147,"column":8},"end":{"line":149,"column":9}},"67":{"start":{"line":148,"column":12},"end":{"line":148,"column":52}},"68":{"start":{"line":151,"column":8},"end":{"line":151,"column":32}},"69":{"start":{"line":152,"column":8},"end":{"line":160,"column":9}},"70":{"start":{"line":153,"column":12},"end":{"line":153,"column":32}},"71":{"start":{"line":155,"column":12},"end":{"line":157,"column":13}},"72":{"start":{"line":156,"column":16},"end":{"line":156,"column":79}}},"branchMap":{"1":{"line":28,"type":"if","locations":[{"start":{"line":28,"column":8},"end":{"line":28,"column":8}},{"start":{"line":28,"column":8},"end":{"line":28,"column":8}}]},"2":{"line":36,"type":"if","locations":[{"start":{"line":36,"column":8},"end":{"line":36,"column":8}},{"start":{"line":36,"column":8},"end":{"line":36,"column":8}}]},"3":{"line":44,"type":"if","locations":[{"start":{"line":44,"column":8},"end":{"line":44,"column":8}},{"start":{"line":44,"column":8},"end":{"line":44,"column":8}}]},"4":{"line":44,"type":"binary-expr","locations":[{"start":{"line":44,"column":12},"end":{"line":44,"column":50}},{"start":{"line":45,"column":12},"end":{"line":45,"column":83}}]},"5":{"line":47,"type":"switch","locations":[{"start":{"line":48,"column":16},"end":{"line":50,"column":26}},{"start":{"line":51,"column":16},"end":{"line":53,"column":26}},{"start":{"line":54,"column":16},"end":{"line":55,"column":57}},{"start":{"line":56,"column":16},"end":{"line":57,"column":60}},{"start":{"line":58,"column":16},"end":{"line":59,"column":59}}]},"6":{"line":77,"type":"if","locations":[{"start":{"line":77,"column":8},"end":{"line":77,"column":8}},{"start":{"line":77,"column":8},"end":{"line":77,"column":8}}]},"7":{"line":108,"type":"if","locations":[{"start":{"line":108,"column":8},"end":{"line":108,"column":8}},{"start":{"line":108,"column":8},"end":{"line":108,"column":8}}]},"8":{"line":147,"type":"if","locations":[{"start":{"line":147,"column":8},"end":{"line":147,"column":8}},{"start":{"line":147,"column":8},"end":{"line":147,"column":8}}]},"9":{"line":155,"type":"if","locations":[{"start":{"line":155,"column":12},"end":{"line":155,"column":12}},{"start":{"line":155,"column":12},"end":{"line":155,"column":12}}]}}}}