TN:
SF:src\xrmFakedContext.js
FN:7,(anonymous_1)
FN:12,(anonymous_2)
FN:26,processXhr
FN:69,processXhrPost
FN:76,processXhrGet
FN:87,FakeXMLHttpRequest
FN:105,(anonymous_7)
FN:113,(anonymous_8)
FN:116,(anonymous_9)
FN:119,(anonymous_10)
FN:146,(anonymous_11)
FNF:11
FNH:1
FNDA:1,(anonymous_1)
FNDA:0,(anonymous_2)
FNDA:0,processXhr
FNDA:0,processXhrPost
FNDA:0,processXhrGet
FNDA:0,FakeXMLHttpRequest
FNDA:0,(anonymous_7)
FNDA:0,(anonymous_8)
FNDA:0,(anonymous_9)
FNDA:0,(anonymous_10)
FNDA:0,(anonymous_11)
DA:1,1
DA:3,1
DA:7,1
DA:9,1
DA:13,0
DA:19,1
DA:20,1
DA:23,1
DA:24,1
DA:26,1
DA:28,0
DA:29,0
DA:33,0
DA:36,0
DA:37,0
DA:41,0
DA:44,0
DA:47,0
DA:49,0
DA:50,0
DA:52,0
DA:53,0
DA:55,0
DA:57,0
DA:59,0
DA:64,0
DA:69,1
DA:70,0
DA:71,0
DA:74,0
DA:76,1
DA:77,0
DA:79,0
DA:80,0
DA:87,1
DA:88,0
DA:89,0
DA:90,0
DA:91,0
DA:92,0
DA:93,0
DA:94,0
DA:95,0
DA:96,0
DA:97,0
DA:99,0
DA:100,0
DA:103,0
DA:105,1
DA:106,0
DA:107,0
DA:108,0
DA:109,0
DA:111,0
DA:113,1
DA:114,0
DA:116,1
DA:117,0
DA:119,1
DA:120,0
DA:121,0
DA:129,1
DA:144,1
DA:145,1
DA:146,1
DA:147,0
DA:148,0
DA:151,0
DA:152,0
DA:153,0
DA:155,0
DA:156,0
LF:72
LH:20
BRDA:28,1,0,0
BRDA:28,1,1,0
BRDA:36,2,0,0
BRDA:36,2,1,0
BRDA:44,3,0,0
BRDA:44,3,1,0
BRDA:44,4,0,0
BRDA:44,4,1,0
BRDA:47,5,0,0
BRDA:47,5,1,0
BRDA:47,5,2,0
BRDA:47,5,3,0
BRDA:47,5,4,0
BRDA:77,6,0,0
BRDA:77,6,1,0
BRDA:108,7,0,0
BRDA:108,7,1,0
BRDA:147,8,0,0
BRDA:147,8,1,0
BRDA:155,9,0,0
BRDA:155,9,1,0
BRF:21
BRH:0
end_of_record
